#
# A fatal error has been detected by the Java Runtime Environment:
#
#  EXCEPTION_ACCESS_VIOLATION (0xc0000005) at pc=0x000000006b1bd610, pid=6952, tid=0x0000000000001f14
#
# JRE version: OpenJDK Runtime Environment (8.0_152-b01) (build 1.8.0_152-release-1343-b01)
# Java VM: OpenJDK 64-Bit Server VM (25.152-b01 mixed mode windows-amd64 compressed oops)
# Problematic frame:
# V  [jvm.dll+0x46d610]
#
# Failed to write core dump. Minidumps are not enabled by default on client versions of Windows
#
# If you would like to submit a bug report, please visit:
#   http://bugreport.java.com/bugreport/crash.jsp
#

---------------  T H R E A D  ---------------

Current thread (0x00000000576e4800):  JavaThread "C2 CompilerThread0" daemon [_thread_in_native, id=7956, stack(0x0000000057f40000,0x0000000058040000)]

siginfo: ExceptionCode=0xc0000005, writing address 0x0000000000000000

Registers:
RAX=0x0000000000000000, RBX=0x000000005f2b31d0, RCX=0x000000005803c310, RDX=0x00000000000000f8
RSP=0x000000005803c278, RBP=0x0000000000000fe7, RSI=0x000000005803c630, RDI=0x0000000000001d1c
R8 =0x0000000000000080, R9 =0x000000005d2eb600, R10=0x000000006ad50000, R11=0x000000005f3953f0
R12=0x000000006b5161c0, R13=0x000000005f41f560, R14=0x000000000008c460, R15=0x000000006ad50000
RIP=0x000000006b1bd610, EFLAGS=0x0000000000010246

Top of Stack: (sp=0x000000005803c278)
0x000000005803c278:   000000006b18635f 000000005803c650
0x000000005803c288:   000000005f2b1fb0 0000000000000fe7
0x000000005803c298:   000000005803c630 000033bb00000000
0x000000005803c2a8:   0000000000000008 000000005b472fc0
0x000000005803c2b8:   0000000000000036 000000005cddc790
0x000000005803c2c8:   0000000000000036 000000005f258690
0x000000005803c2d8:   0000354000000000 0000000000000008
0x000000005803c2e8:   0000000059d52740 0000000000000036
0x000000005803c2f8:   000000005ae89b20 0000000000000036
0x000000005803c308:   000000005f22f0b0 00001d2100000000
0x000000005803c318:   0000000000000001 000000005b43dd60
0x000000005803c328:   000000000000001e 000000005c901980
0x000000005803c338:   0000000000000036 000000005803c650
0x000000005803c348:   0000000000000036 0000000059bba4e0
0x000000005803c358:   000000005803c630 0000000000000fe7
0x000000005803c368:   000000005f258690 000000000000140a 

Instructions: (pc=0x000000006b1bd610)
0x000000006b1bd5f0:   bb 90 00 00 00 72 e9 48 8b 5c 24 40 48 83 c4 20
0x000000006b1bd600:   5f c3 cc cc cc cc cc cc cc cc cc cc cc cc cc cc
0x000000006b1bd610:   40 57 48 83 ec 20 48 63 51 08 48 8b f9 83 fa 08
0x000000006b1bd620:   73 22 48 8b 41 10 48 8d 0c 90 66 0f 1f 44 00 00 


Register to memory mapping:

RAX=0x0000000000000000 is an unknown value
RBX=0x000000005f2b31d0 is an unknown value
RCX=0x000000005803c310 is pointing into the stack for thread: 0x00000000576e4800
RDX=0x00000000000000f8 is an unknown value
RSP=0x000000005803c278 is pointing into the stack for thread: 0x00000000576e4800
RBP=0x0000000000000fe7 is an unknown value
RSI=0x000000005803c630 is pointing into the stack for thread: 0x00000000576e4800
RDI=0x0000000000001d1c is an unknown value
R8 =0x0000000000000080 is an unknown value
R9 =0x000000005d2eb600 is an unknown value
R10=0x000000006ad50000 is an unknown value
R11=0x000000005f3953f0 is an unknown value
R12=0x000000006b5161c0 is an unknown value
R13=0x000000005f41f560 is an unknown value
R14=0x000000000008c460 is an unknown value
R15=0x000000006ad50000 is an unknown value


Stack: [0x0000000057f40000,0x0000000058040000],  sp=0x000000005803c278,  free space=1008k
Native frames: (J=compiled Java code, j=interpreted, Vv=VM code, C=native code)
V  [jvm.dll+0x46d610]
V  [jvm.dll+0x43635f]
V  [jvm.dll+0x437e28]
V  [jvm.dll+0x438016]
V  [jvm.dll+0x435ba4]
V  [jvm.dll+0x434c44]
V  [jvm.dll+0x43f99b]
V  [jvm.dll+0x44226e]
V  [jvm.dll+0x4252c2]
V  [jvm.dll+0x813d8]
V  [jvm.dll+0x81d0f]
V  [jvm.dll+0x21d41f]
V  [jvm.dll+0x26d9aa]
C  [msvcr100.dll+0x21d9f]
C  [msvcr100.dll+0x21e3b]
C  [kernel32.dll+0x1652d]
C  [ntdll.dll+0x2c541]


Current CompileTask:
C2:  16811 2208       4       java.net.URLClassLoader$1::run (5 bytes)


---------------  P R O C E S S  ---------------

Java Threads: ( => current thread )
  0x000000005b862800 JavaThread "Cache worker for Artifact transforms cache (C:\Users\hp\.gradle\caches\transforms-1)" [_thread_blocked, id=6596, stack(0x000000005f710000,0x000000005f810000)]
  0x000000005b862000 JavaThread "Cache worker for cache directory md-rule (C:\Users\hp\.gradle\caches\4.10.1\md-rule)" [_thread_blocked, id=316, stack(0x000000005f5c0000,0x000000005f6c0000)]
  0x000000005b861000 JavaThread "Cache worker for cache directory md-supplier (C:\Users\hp\.gradle\caches\4.10.1\md-supplier)" [_thread_blocked, id=1516, stack(0x000000005a510000,0x000000005a610000)]
  0x00000000596d0000 JavaThread "Cache worker for journal cache (C:\Users\hp\.gradle\caches\journal-1)" [_thread_blocked, id=2968, stack(0x000000005ea90000,0x000000005eb90000)]
  0x00000000596cf000 JavaThread "Cache worker for file hash cache (D:\servicecare\.gradle\4.10.1\fileHashes)" [_thread_blocked, id=4300, stack(0x000000005e840000,0x000000005e940000)]
  0x00000000596ce800 JavaThread "File lock request listener" [_thread_in_native, id=6104, stack(0x000000005c240000,0x000000005c340000)]
  0x00000000596cd800 JavaThread "Cache worker for file hash cache (C:\Users\hp\.gradle\caches\4.10.1\fileHashes)" [_thread_blocked, id=5792, stack(0x000000005c0f0000,0x000000005c1f0000)]
  0x00000000596cd000 JavaThread "Stdin handler" [_thread_blocked, id=3872, stack(0x000000005ad50000,0x000000005ae50000)]
  0x00000000596cc000 JavaThread "Asynchronous log dispatcher for DefaultDaemonConnection: socket connection from /127.0.0.1:1527 to /127.0.0.1:1528" [_thread_blocked, id=4032, stack(0x000000005a740000,0x000000005a840000)]
  0x00000000596cb800 JavaThread "Daemon worker" [_thread_in_native, id=2680, stack(0x000000005ac40000,0x000000005ad40000)]
  0x00000000594eb000 JavaThread "Cancel handler" [_thread_blocked, id=7652, stack(0x000000005a870000,0x000000005a970000)]
  0x0000000059792800 JavaThread "Handler for socket connection from /127.0.0.1:1527 to /127.0.0.1:1528" [_thread_in_native, id=3864, stack(0x000000005a620000,0x000000005a720000)]
  0x00000000594db800 JavaThread "Daemon" [_thread_blocked, id=2488, stack(0x000000005a3c0000,0x000000005a4c0000)]
  0x00000000594f1000 JavaThread "Daemon periodic checks" [_thread_blocked, id=7224, stack(0x000000005a1c0000,0x000000005a2c0000)]
  0x00000000594f3800 JavaThread "Incoming local TCP Connector on port 1527" [_thread_in_native, id=5912, stack(0x0000000058230000,0x0000000058330000)]
  0x0000000057757000 JavaThread "Service Thread" daemon [_thread_blocked, id=5632, stack(0x0000000058350000,0x0000000058450000)]
  0x00000000576ed800 JavaThread "C1 CompilerThread2" daemon [_thread_blocked, id=3712, stack(0x0000000057de0000,0x0000000057ee0000)]
  0x00000000576ec000 JavaThread "C2 CompilerThread1" daemon [_thread_in_native, id=6984, stack(0x00000000580c0000,0x00000000581c0000)]
=>0x00000000576e4800 JavaThread "C2 CompilerThread0" daemon [_thread_in_native, id=7956, stack(0x0000000057f40000,0x0000000058040000)]
  0x000000005626e000 JavaThread "Attach Listener" daemon [_thread_blocked, id=1992, stack(0x0000000057b60000,0x0000000057c60000)]
  0x000000005625f000 JavaThread "Signal Dispatcher" daemon [_thread_blocked, id=5856, stack(0x0000000057ca0000,0x0000000057da0000)]
  0x0000000056249800 JavaThread "Finalizer" daemon [_thread_blocked, id=4664, stack(0x00000000575e0000,0x00000000576e0000)]
  0x0000000056200800 JavaThread "Reference Handler" daemon [_thread_blocked, id=4992, stack(0x0000000057400000,0x0000000057500000)]
  0x000000000219f000 JavaThread "main" [_thread_blocked, id=1868, stack(0x0000000002370000,0x0000000002470000)]

Other Threads:
  0x00000000561fb000 VMThread [stack: 0x00000000572b0000,0x00000000573b0000] [id=7048]
  0x0000000057779000 WatcherThread [stack: 0x0000000058540000,0x0000000058640000] [id=5728]

VM state:not at safepoint (normal execution)

VM Mutex/Monitor currently owned by a thread: None

Heap:
 PSYoungGen      total 70144K, used 32187K [0x00000000e0000000, 0x00000000e6700000, 0x0000000100000000)
  eden space 62976K, 40% used [0x00000000e0000000,0x00000000e18baf80,0x00000000e3d80000)
  from space 7168K, 95% used [0x00000000e4680000,0x00000000e4d33de8,0x00000000e4d80000)
  to   space 9216K, 0% used [0x00000000e3d80000,0x00000000e3d80000,0x00000000e4680000)
 ParOldGen       total 41472K, used 12273K [0x00000000a0000000, 0x00000000a2880000, 0x00000000e0000000)
  object space 41472K, 29% used [0x00000000a0000000,0x00000000a0bfc748,0x00000000a2880000)
 Metaspace       used 28496K, capacity 28976K, committed 29360K, reserved 1075200K
  class space    used 3949K, capacity 4163K, committed 4272K, reserved 1048576K

Card table byte_map: [0x0000000011b00000,0x0000000011e10000] byte_map_base: 0x0000000011600000

Marking Bits: (ParMarkBitMap*) 0x000000006b515aa0
 Begin Bits: [0x0000000012570000, 0x0000000013d70000)
 End Bits:   [0x0000000013d70000, 0x0000000015570000)

Polling page: 0x0000000000230000

CodeCache: size=245760Kb used=8369Kb max_used=8538Kb free=237390Kb
 bounds [0x0000000002740000, 0x0000000002fa0000, 0x0000000011740000]
 total_blobs=2860 nmethods=2195 adapters=578
 compilation: enabled

Compilation events (10 events):
Event: 16.487 Thread 0x00000000576ed800 2303       3       com.google.common.cache.LocalCache::expiresAfterWrite (15 bytes)
Event: 16.487 Thread 0x00000000576ed800 nmethod 2303 0x0000000002989890 code [0x00000000029899e0, 0x0000000002989b90]
Event: 16.495 Thread 0x00000000576ec000 2304       4       java.util.zip.ZipEntry::setExtra0 (360 bytes)
Event: 16.496 Thread 0x00000000576ec000 nmethod 2304 0x0000000002961450 code [0x0000000002961580, 0x0000000002961638]
Event: 16.526 Thread 0x00000000576ed800 2305       3       sun.reflect.annotation.AnnotationType::getInstance (65 bytes)
Event: 16.526 Thread 0x00000000576ed800 nmethod 2305 0x0000000002851850 code [0x0000000002851a00, 0x0000000002852168]
Event: 16.526 Thread 0x00000000576ed800 2306       3       java.lang.System$2::getAnnotationType (5 bytes)
Event: 16.527 Thread 0x00000000576ed800 nmethod 2306 0x000000000288cb10 code [0x000000000288cc60, 0x000000000288ce50]
Event: 16.531 Thread 0x00000000576ed800 2307       3       sun.reflect.generics.parser.SignatureParser::parseTypeArgument (133 bytes)
Event: 16.532 Thread 0x00000000576ed800 nmethod 2307 0x0000000002f964d0 code [0x0000000002f967a0, 0x0000000002f97d28]

GC Heap History (10 events):
Event: 6.100 GC heap before
{Heap before GC invocations=5 (full 0):
 PSYoungGen      total 35328K, used 35328K [0x00000000e0000000, 0x00000000e2500000, 0x0000000100000000)
  eden space 32768K, 100% used [0x00000000e0000000,0x00000000e2000000,0x00000000e2000000)
  from space 2560K, 100% used [0x00000000e2280000,0x00000000e2500000,0x00000000e2500000)
  to   space 2560K, 0% used [0x00000000e2000000,0x00000000e2000000,0x00000000e2280000)
 ParOldGen       total 44032K, used 2835K [0x00000000a0000000, 0x00000000a2b00000, 0x00000000e0000000)
  object space 44032K, 6% used [0x00000000a0000000,0x00000000a02c4fa0,0x00000000a2b00000)
 Metaspace       used 13619K, capacity 13914K, committed 14208K, reserved 1060864K
  class space    used 1911K, capacity 2061K, committed 2176K, reserved 1048576K
Event: 6.112 GC heap after
Heap after GC invocations=5 (full 0):
 PSYoungGen      total 35328K, used 2560K [0x00000000e0000000, 0x00000000e4d00000, 0x0000000100000000)
  eden space 32768K, 0% used [0x00000000e0000000,0x00000000e0000000,0x00000000e2000000)
  from space 2560K, 100% used [0x00000000e2000000,0x00000000e2280000,0x00000000e2280000)
  to   space 6656K, 0% used [0x00000000e4680000,0x00000000e4680000,0x00000000e4d00000)
 ParOldGen       total 44032K, used 6707K [0x00000000a0000000, 0x00000000a2b00000, 0x00000000e0000000)
  object space 44032K, 15% used [0x00000000a0000000,0x00000000a068cf18,0x00000000a2b00000)
 Metaspace       used 13619K, capacity 13914K, committed 14208K, reserved 1060864K
  class space    used 1911K, capacity 2061K, committed 2176K, reserved 1048576K
}
Event: 8.347 GC heap before
{Heap before GC invocations=6 (full 0):
 PSYoungGen      total 35328K, used 35328K [0x00000000e0000000, 0x00000000e4d00000, 0x0000000100000000)
  eden space 32768K, 100% used [0x00000000e0000000,0x00000000e2000000,0x00000000e2000000)
  from space 2560K, 100% used [0x00000000e2000000,0x00000000e2280000,0x00000000e2280000)
  to   space 6656K, 0% used [0x00000000e4680000,0x00000000e4680000,0x00000000e4d00000)
 ParOldGen       total 44032K, used 6707K [0x00000000a0000000, 0x00000000a2b00000, 0x00000000e0000000)
  object space 44032K, 15% used [0x00000000a0000000,0x00000000a068cf18,0x00000000a2b00000)
 Metaspace       used 16582K, capacity 16906K, committed 17152K, reserved 1064960K
  class space    used 2389K, capacity 2551K, committed 2560K, reserved 1048576K
Event: 8.366 GC heap after
Heap after GC invocations=6 (full 0):
 PSYoungGen      total 71168K, used 6493K [0x00000000e0000000, 0x00000000e4f00000, 0x0000000100000000)
  eden space 64512K, 0% used [0x00000000e0000000,0x00000000e0000000,0x00000000e3f00000)
  from space 6656K, 97% used [0x00000000e4680000,0x00000000e4cd7708,0x00000000e4d00000)
  to   space 7680K, 0% used [0x00000000e3f00000,0x00000000e3f00000,0x00000000e4680000)
 ParOldGen       total 44032K, used 6715K [0x00000000a0000000, 0x00000000a2b00000, 0x00000000e0000000)
  object space 44032K, 15% used [0x00000000a0000000,0x00000000a068ef18,0x00000000a2b00000)
 Metaspace       used 16582K, capacity 16906K, committed 17152K, reserved 1064960K
  class space    used 2389K, capacity 2551K, committed 2560K, reserved 1048576K
}
Event: 12.672 GC heap before
{Heap before GC invocations=7 (full 0):
 PSYoungGen      total 71168K, used 39694K [0x00000000e0000000, 0x00000000e4f00000, 0x0000000100000000)
  eden space 64512K, 51% used [0x00000000e0000000,0x00000000e206c1f0,0x00000000e3f00000)
  from space 6656K, 97% used [0x00000000e4680000,0x00000000e4cd7708,0x00000000e4d00000)
  to   space 7680K, 0% used [0x00000000e3f00000,0x00000000e3f00000,0x00000000e4680000)
 ParOldGen       total 44032K, used 6715K [0x00000000a0000000, 0x00000000a2b00000, 0x00000000e0000000)
  object space 44032K, 15% used [0x00000000a0000000,0x00000000a068ef18,0x00000000a2b00000)
 Metaspace       used 20810K, capacity 21238K, committed 21296K, reserved 1067008K
  class space    used 2910K, capacity 3085K, committed 3120K, reserved 1048576K
Event: 12.699 GC heap after
Heap after GC invocations=7 (full 0):
 PSYoungGen      total 69632K, used 7606K [0x00000000e0000000, 0x00000000e4d80000, 0x0000000100000000)
  eden space 61952K, 0% used [0x00000000e0000000,0x00000000e0000000,0x00000000e3c80000)
  from space 7680K, 99% used [0x00000000e3f00000,0x00000000e466d9e8,0x00000000e4680000)
  to   space 7168K, 0% used [0x00000000e4680000,0x00000000e4680000,0x00000000e4d80000)
 ParOldGen       total 44032K, used 7347K [0x00000000a0000000, 0x00000000a2b00000, 0x00000000e0000000)
  object space 44032K, 16% used [0x00000000a0000000,0x00000000a072cf28,0x00000000a2b00000)
 Metaspace       used 20810K, capacity 21238K, committed 21296K, reserved 1067008K
  class space    used 2910K, capacity 3085K, committed 3120K, reserved 1048576K
}
Event: 12.699 GC heap before
{Heap before GC invocations=8 (full 1):
 PSYoungGen      total 69632K, used 7606K [0x00000000e0000000, 0x00000000e4d80000, 0x0000000100000000)
  eden space 61952K, 0% used [0x00000000e0000000,0x00000000e0000000,0x00000000e3c80000)
  from space 7680K, 99% used [0x00000000e3f00000,0x00000000e466d9e8,0x00000000e4680000)
  to   space 7168K, 0% used [0x00000000e4680000,0x00000000e4680000,0x00000000e4d80000)
 ParOldGen       total 44032K, used 7347K [0x00000000a0000000, 0x00000000a2b00000, 0x00000000e0000000)
  object space 44032K, 16% used [0x00000000a0000000,0x00000000a072cf28,0x00000000a2b00000)
 Metaspace       used 20810K, capacity 21238K, committed 21296K, reserved 1067008K
  class space    used 2910K, capacity 3085K, committed 3120K, reserved 1048576K
Event: 12.841 GC heap after
Heap after GC invocations=8 (full 1):
 PSYoungGen      total 69632K, used 0K [0x00000000e0000000, 0x00000000e4d80000, 0x0000000100000000)
  eden space 61952K, 0% used [0x00000000e0000000,0x00000000e0000000,0x00000000e3c80000)
  from space 7680K, 0% used [0x00000000e3f00000,0x00000000e3f00000,0x00000000e4680000)
  to   space 7168K, 0% used [0x00000000e4680000,0x00000000e4680000,0x00000000e4d80000)
 ParOldGen       total 41472K, used 12265K [0x00000000a0000000, 0x00000000a2880000, 0x00000000e0000000)
  object space 41472K, 29% used [0x00000000a0000000,0x00000000a0bfa748,0x00000000a2880000)
 Metaspace       used 20810K, capacity 21238K, committed 21296K, reserved 1067008K
  class space    used 2910K, capacity 3085K, committed 3120K, reserved 1048576K
}
Event: 16.290 GC heap before
{Heap before GC invocations=9 (full 1):
 PSYoungGen      total 69632K, used 61952K [0x00000000e0000000, 0x00000000e4d80000, 0x0000000100000000)
  eden space 61952K, 100% used [0x00000000e0000000,0x00000000e3c80000,0x00000000e3c80000)
  from space 7680K, 0% used [0x00000000e3f00000,0x00000000e3f00000,0x00000000e4680000)
  to   space 7168K, 0% used [0x00000000e4680000,0x00000000e4680000,0x00000000e4d80000)
 ParOldGen       total 41472K, used 12265K [0x00000000a0000000, 0x00000000a2880000, 0x00000000e0000000)
  object space 41472K, 29% used [0x00000000a0000000,0x00000000a0bfa748,0x00000000a2880000)
 Metaspace       used 27121K, capacity 27620K, committed 27824K, reserved 1073152K
  class space    used 3695K, capacity 3904K, committed 4016K, reserved 1048576K
Event: 16.300 GC heap after
Heap after GC invocations=9 (full 1):
 PSYoungGen      total 70144K, used 6863K [0x00000000e0000000, 0x00000000e6700000, 0x0000000100000000)
  eden space 62976K, 0% used [0x00000000e0000000,0x00000000e0000000,0x00000000e3d80000)
  from space 7168K, 95% used [0x00000000e4680000,0x00000000e4d33de8,0x00000000e4d80000)
  to   space 9216K, 0% used [0x00000000e3d80000,0x00000000e3d80000,0x00000000e4680000)
 ParOldGen       total 41472K, used 12273K [0x00000000a0000000, 0x00000000a2880000, 0x00000000e0000000)
  object space 41472K, 29% used [0x00000000a0000000,0x00000000a0bfc748,0x00000000a2880000)
 Metaspace       used 27121K, capacity 27620K, committed 27824K, reserved 1073152K
  class space    used 3695K, capacity 3904K, committed 4016K, reserved 1048576K
}

Deoptimization events (10 events):
Event: 14.361 Thread 0x00000000596cb800 Uncommon trap: reason=class_check action=maybe_recompile pc=0x0000000002cfd818 method=sun.misc.URLClassPath.getLoader(I)Lsun/misc/URLClassPath$Loader; @ 239
Event: 14.822 Thread 0x00000000596cb800 Uncommon trap: reason=unstable_if action=reinterpret pc=0x0000000002bbe74c method=java.util.HashMap.hash(Ljava/lang/Object;)I @ 1
Event: 15.082 Thread 0x00000000596cb800 Uncommon trap: reason=unstable_if action=reinterpret pc=0x0000000002990c28 method=java.util.HashMap.getNode(ILjava/lang/Object;)Ljava/util/HashMap$Node; @ 53
Event: 15.082 Thread 0x00000000596cb800 Uncommon trap: reason=unstable_if action=reinterpret pc=0x0000000002b7a478 method=java.util.HashMap.hash(Ljava/lang/Object;)I @ 1
Event: 15.082 Thread 0x00000000596cb800 Uncommon trap: reason=unstable_if action=reinterpret pc=0x0000000002b7e20c method=java.util.HashMap.putVal(ILjava/lang/Object;Ljava/lang/Object;ZZ)Ljava/lang/Object; @ 85
Event: 15.193 Thread 0x00000000596cb800 Uncommon trap: reason=unstable_if action=reinterpret pc=0x00000000029dfda0 method=java.util.LinkedHashMap.afterNodeInsertion(Z)V @ 1
Event: 15.880 Thread 0x00000000596cb800 Uncommon trap: reason=class_check action=maybe_recompile pc=0x0000000002cfd738 method=sun.misc.URLClassPath.getLoader(I)Lsun/misc/URLClassPath$Loader; @ 94
Event: 16.147 Thread 0x00000000596cb800 Uncommon trap: reason=unstable_if action=reinterpret pc=0x00000000029b423c method=java.io.WinNTFileSystem.resolve(Ljava/lang/String;Ljava/lang/String;)Ljava/lang/String; @ 49
Event: 16.261 Thread 0x00000000596cb800 Uncommon trap: reason=unstable_if action=reinterpret pc=0x0000000002f7535c method=org.codehaus.groovy.runtime.metaclass.MetaMethodIndex.addMethodToList(Ljava/lang/Object;Lgroovy/lang/MetaMethod;)Ljava/lang/Object; @ 226
Event: 16.300 Thread 0x0000000056200800 Uncommon trap: reason=unstable_if action=reinterpret pc=0x0000000002d1c76c method=java.lang.ref.Reference.tryHandlePending(Z)Z @ 104

Classes redefined (0 events):
No events

Internal exceptions (10 events):
Event: 16.272 Thread 0x00000000596cb800 Exception <a 'java/lang/ClassNotFoundException': org/gradle/api/internal/DefaultNamedDomainObjectCollectionBeanInfo> (0x00000000e3b73ae0) thrown at [D:\src\AOSP-openjdk-cygwin\jdk8u\hotspot\src\share\vm\classfile\systemDictionary.cpp, line 210]
Event: 16.273 Thread 0x00000000596cb800 Exception <a 'java/lang/ClassNotFoundException': org/gradle/api/internal/DefaultDomainObjectCollectionBeanInfo> (0x00000000e3ba2588) thrown at [D:\src\AOSP-openjdk-cygwin\jdk8u\hotspot\src\share\vm\classfile\systemDictionary.cpp, line 210]
Event: 16.273 Thread 0x00000000596cb800 Exception <a 'java/lang/ClassNotFoundException': java/util/AbstractCollectionBeanInfo> (0x00000000e3ba6590) thrown at [D:\src\AOSP-openjdk-cygwin\jdk8u\hotspot\src\share\vm\classfile\systemDictionary.cpp, line 210]
Event: 16.274 Thread 0x00000000596cb800 Exception <a 'java/lang/ClassNotFoundException': java/util/AbstractCollectionCustomizer> (0x00000000e3baa5a8) thrown at [D:\src\AOSP-openjdk-cygwin\jdk8u\hotspot\src\share\vm\classfile\systemDictionary.cpp, line 210]
Event: 16.276 Thread 0x00000000596cb800 Exception <a 'java/lang/ClassNotFoundException': org/gradle/api/internal/DefaultDomainObjectCollectionCustomizer> (0x00000000e3be6240) thrown at [D:\src\AOSP-openjdk-cygwin\jdk8u\hotspot\src\share\vm\classfile\systemDictionary.cpp, line 210]
Event: 16.279 Thread 0x00000000596cb800 Exception <a 'java/lang/ClassNotFoundException': org/gradle/api/internal/DefaultNamedDomainObjectCollectionCustomizer> (0x00000000e3c413c0) thrown at [D:\src\AOSP-openjdk-cygwin\jdk8u\hotspot\src\share\vm\classfile\systemDictionary.cpp, line 210]
Event: 16.304 Thread 0x00000000596cb800 Exception <a 'java/lang/ClassNotFoundException': org/gradle/api/internal/DefaultNamedDomainObjectListCustomizer> (0x00000000e0037c48) thrown at [D:\src\AOSP-openjdk-cygwin\jdk8u\hotspot\src\share\vm\classfile\systemDictionary.cpp, line 210]
Event: 16.308 Thread 0x00000000596cb800 Exception <a 'java/lang/ClassNotFoundException': org/gradle/api/internal/artifacts/DefaultArtifactRepositoryContainerCustomizer> (0x00000000e00ab918) thrown at [D:\src\AOSP-openjdk-cygwin\jdk8u\hotspot\src\share\vm\classfile\systemDictionary.cpp, line 210
Event: 16.310 Thread 0x00000000596cb800 Exception <a 'java/lang/ClassNotFoundException': org/gradle/api/internal/artifacts/dsl/DefaultRepositoryHandlerCustomizer> (0x00000000e01196a0) thrown at [D:\src\AOSP-openjdk-cygwin\jdk8u\hotspot\src\share\vm\classfile\systemDictionary.cpp, line 210]
Event: 16.313 Thread 0x00000000596cb800 Exception <a 'java/lang/ClassNotFoundException': org/gradle/api/internal/artifacts/dsl/DefaultRepositoryHandler_DecoratedCustomizer> (0x00000000e0188b20) thrown at [D:\src\AOSP-openjdk-cygwin\jdk8u\hotspot\src\share\vm\classfile\systemDictionary.cpp, line

Events (10 events):
Event: 16.606 loading class org/gradle/api/internal/attributes/CompatibilityRule
Event: 16.606 loading class org/gradle/api/internal/attributes/CompatibilityRule done
Event: 16.606 loading class org/gradle/api/internal/attributes/DisambiguationRule
Event: 16.606 loading class org/gradle/api/internal/attributes/DisambiguationRule done
Event: 16.610 loading class org/gradle/api/internal/attributes/DefaultAttributesSchema$DefaultAttributeMatcher
Event: 16.610 loading class org/gradle/api/internal/attributes/DefaultAttributesSchema$DefaultAttributeMatcher done
Event: 16.611 loading class org/gradle/api/internal/attributes/EmptySchema
Event: 16.611 loading class org/gradle/api/internal/attributes/EmptySchema done
Event: 16.612 loading class org/gradle/api/internal/attributes/EmptySchema$DoNothingCompatibilityRule
Event: 16.612 loading class org/gradle/api/internal/attributes/EmptySchema$DoNothingCompatibilityRule done


Dynamic libraries:
0x000000013f2a0000 - 0x000000013f2d1000 	E:\android studio 3.3.1\jre\bin\java.exe
0x00000000777d0000 - 0x0000000077979000 	C:\Windows\SYSTEM32\ntdll.dll
0x00000000776b0000 - 0x00000000777cf000 	C:\Windows\system32\kernel32.dll
0x000007fefdef0000 - 0x000007fefdf5b000 	C:\Windows\system32\KERNELBASE.dll
0x000007feff260000 - 0x000007feff33b000 	C:\Windows\system32\ADVAPI32.dll
0x000007fefe080000 - 0x000007fefe11f000 	C:\Windows\system32\msvcrt.dll
0x000007feff1a0000 - 0x000007feff1bf000 	C:\Windows\SYSTEM32\sechost.dll
0x000007fefe120000 - 0x000007fefe24d000 	C:\Windows\system32\RPCRT4.dll
0x0000000077300000 - 0x00000000773fa000 	C:\Windows\system32\USER32.dll
0x000007feffa60000 - 0x000007feffac7000 	C:\Windows\system32\GDI32.dll
0x000007fefe250000 - 0x000007fefe25e000 	C:\Windows\system32\LPK.dll
0x000007feff0d0000 - 0x000007feff199000 	C:\Windows\system32\USP10.dll
0x000007fefc640000 - 0x000007fefc834000 	C:\Windows\WinSxS\amd64_microsoft.windows.common-controls_6595b64144ccf1df_6.0.7601.17514_none_fa396087175ac9ac\COMCTL32.dll
0x000007fefe000000 - 0x000007fefe071000 	C:\Windows\system32\SHLWAPI.dll
0x000007feff340000 - 0x000007feff36e000 	C:\Windows\system32\IMM32.DLL
0x000007feff5c0000 - 0x000007feff6c9000 	C:\Windows\system32\MSCTF.dll
0x000000006cac0000 - 0x000000006cb92000 	E:\android studio 3.3.1\jre\jre\bin\msvcr100.dll
0x000000006ad50000 - 0x000000006b591000 	E:\android studio 3.3.1\jre\jre\bin\server\jvm.dll
0x000007fef87d0000 - 0x000007fef87d9000 	C:\Windows\system32\WSOCK32.dll
0x000007feff550000 - 0x000007feff59d000 	C:\Windows\system32\WS2_32.dll
0x000007feffad0000 - 0x000007feffad8000 	C:\Windows\system32\NSI.dll
0x000007fefb9e0000 - 0x000007fefba1b000 	C:\Windows\system32\WINMM.dll
0x000007fefcd90000 - 0x000007fefcd9c000 	C:\Windows\system32\VERSION.dll
0x00000000779a0000 - 0x00000000779a7000 	C:\Windows\system32\PSAPI.DLL
0x000007fefb060000 - 0x000007fefb06f000 	E:\android studio 3.3.1\jre\jre\bin\verify.dll
0x000007fefb030000 - 0x000007fefb059000 	E:\android studio 3.3.1\jre\jre\bin\java.dll
0x000007fee7e50000 - 0x000007fee7e66000 	E:\android studio 3.3.1\jre\jre\bin\zip.dll
0x000007fefe260000 - 0x000007fefefe8000 	C:\Windows\system32\SHELL32.dll
0x000007feff7f0000 - 0x000007feff9f3000 	C:\Windows\system32\ole32.dll
0x000007fefdc30000 - 0x000007fefdc3f000 	C:\Windows\system32\profapi.dll
0x000007fee71b0000 - 0x000007fee71ca000 	E:\android studio 3.3.1\jre\jre\bin\net.dll
0x000007fefd460000 - 0x000007fefd4b5000 	C:\Windows\system32\mswsock.dll
0x000007fefd450000 - 0x000007fefd457000 	C:\Windows\System32\wship6.dll
0x000007fee7190000 - 0x000007fee71a1000 	E:\android studio 3.3.1\jre\jre\bin\nio.dll
0x000007fee6be0000 - 0x000007fee6bfe000 	C:\Users\hp\.gradle\native\25\windows-amd64\native-platform.dll
0x000007fefb410000 - 0x000007fefb41d000 	E:\android studio 3.3.1\jre\jre\bin\management.dll
0x000007fefd4c0000 - 0x000007fefd4d7000 	C:\Windows\system32\CRYPTSP.dll
0x000007fefd1c0000 - 0x000007fefd207000 	C:\Windows\system32\rsaenh.dll
0x000007fefcf70000 - 0x000007fefcf8e000 	C:\Windows\system32\USERENV.dll
0x000007fefdb20000 - 0x000007fefdb2f000 	C:\Windows\system32\CRYPTBASE.dll
0x000007fefadd0000 - 0x000007fefadf7000 	C:\Windows\system32\IPHLPAPI.DLL
0x000007fefad20000 - 0x000007fefad2b000 	C:\Windows\system32\WINNSI.DLL
0x000007fefa990000 - 0x000007fefa9a8000 	C:\Windows\system32\dhcpcsvc.DLL
0x000007fefa1e0000 - 0x000007fefa1f1000 	C:\Windows\system32\dhcpcsvc6.DLL
0x000007fee9fe0000 - 0x000007feea105000 	C:\Windows\system32\dbghelp.dll

VM Arguments:
jvm_args: -Xmx1536m -Dfile.encoding=windows-1256 -Duser.country=US -Duser.language=en -Duser.variant 
java_command: org.gradle.launcher.daemon.bootstrap.GradleDaemon 4.10.1
java_class_path (initial): C:\Users\hp\.gradle\wrapper\dists\gradle-4.10.1-all\455itskqi2qtf0v2sja68alqd\gradle-4.10.1\lib\gradle-launcher-4.10.1.jar
Launcher Type: SUN_STANDARD

Environment Variables:
JAVA_HOME=C:\Program Files\Java\jdk1.7.0_80
PATH=C:\ProgramData\Oracle\Java\javapath;C:\Windows\system32;C:\Windows;C:\Windows\System32\Wbem;C:\Windows\System32\WindowsPowerShell\v1.0\;%java_home\bin%;C:\Program Files\Java\jdk1.7.0_80\bin;C:\Program Files\Java\jre7\bin;C:\Program Files (x86)\Microsoft SQL Server\100\Tools\Binn\;C:\Program Files\Microsoft SQL Server\100\Tools\Binn\;C:\Program Files\Microsoft SQL Server\100\DTS\Binn\;C:\Program Files (x86)\Microsoft SQL Server\100\Tools\Binn\VSShell\Common7\IDE\;C:\Program Files (x86)\Microsoft Visual Studio 9.0\Common7\IDE\PrivateAssemblies\;C:\Program Files (x86)\Microsoft SQL Server\100\DTS\Binn\;C:\Program Files\Microsoft\Web Platform Installer\;C:\Program Files (x86)\Microsoft ASP.NET\ASP.NET Web Pages\v1.0\;C:\Program Files\dotnet\;C:\Program Files\Microsoft SQL Server\110\Tools\Binn\;C:\Program Files\Microsoft SQL Server\120\DTS\Binn\;C:\Program Files\Microsoft SQL Server\Client SDK\ODBC\110\Tools\Binn\;C:\Program Files (x86)\Microsoft SQL Server\120\Tools\Binn\;C:\Program Files\Microsoft SQL Server\120\Tools\Binn\;C:\Program Files (x86)\Microsoft SQL Server\120\Tools\Binn\ManagementStudio\;C:\Program Files (x86)\Microsoft SQL Server\120\DTS\Binn\;C:\Program Files\Microsoft SQL Server\130\Tools\Binn\
USERNAME=hp
OS=Windows_NT
PROCESSOR_IDENTIFIER=Intel64 Family 6 Model 61 Stepping 4, GenuineIntel



---------------  S Y S T E M  ---------------

OS: Windows 7 , 64 bit Build 7601 (6.1.7601.18015)

CPU:total 4 (initial active 4) (2 cores per cpu, 2 threads per core) family 6 model 61 stepping 4, cmov, cx8, fxsr, mmx, sse, sse2, sse3, ssse3, sse4.1, sse4.2, popcnt, avx, avx2, aes, clmul, erms, 3dnowpref, lzcnt, ht, tsc, tscinvbit, bmi1, bmi2, adx

Memory: 4k page, physical 4113076k(1474232k free), swap 8224288k(3415748k free)

vm_info: OpenJDK 64-Bit Server VM (25.152-b01) for windows-amd64 JRE (1.8.0_152-release-1343-b01), built by "builder" with MS VC++ 10.0 (VS2010)

time: Thu May 30 23:20:43 2019
elapsed time: 16 seconds (0d 0h 0m 16s)

